build/app/intermediates/manifest_merge_blame_file/debug/manifest-merger-blame-debug-report.txt
1<?xml version="1.0" encoding="utf-8"?>
2<manifest xmlns:android="http://schemas.android.com/apk/res/android"
3    package="com.example.hanger_m"
4    android:versionCode="1"
5    android:versionName="1.0.0" >
6
7    <uses-sdk
8        android:minSdkVersion="21"
9        android:targetSdkVersion="34" />
10    <!--
11         The INTERNET permission is required for development. Specifically,
12         the Flutter tool needs it to communicate with the running application
13         to allow setting breakpoints, to provide hot reload, etc.
14    -->
15    <uses-permission android:name="android.permission.INTERNET" />
15-->src\main\AndroidManifest.xml:4:5-67
15-->src\main\AndroidManifest.xml:4:22-64
16    <uses-permission android:name="android.permission.ACCESS_FINE_LOCATION" />
16-->src\main\AndroidManifest.xml:2:5-78
16-->src\main\AndroidManifest.xml:2:22-76
17    <uses-permission android:name="android.permission.ACCESS_COARSE_LOCATION" />
17-->src\main\AndroidManifest.xml:3:5-80
17-->src\main\AndroidManifest.xml:3:22-78
18    <uses-permission android:name="android.permission.READ_EXTERNAL_STORAGE" />
18-->src\main\AndroidManifest.xml:5:5-79
18-->src\main\AndroidManifest.xml:5:22-77
19    <uses-permission android:name="android.permission.WRITE_EXTERNAL_STORAGE" />
19-->src\main\AndroidManifest.xml:6:5-80
19-->src\main\AndroidManifest.xml:6:22-78
20    <uses-permission android:name="android.permission.ACCESS_MEDIA_LOCATION" />
20-->src\main\AndroidManifest.xml:7:5-79
20-->src\main\AndroidManifest.xml:7:22-77
21    <uses-permission android:name="android.permission.RECEIVE_BOOT_COMPLETED" />
21-->src\main\AndroidManifest.xml:8:5-80
21-->src\main\AndroidManifest.xml:8:22-78
22    <uses-permission android:name="android.permission.VIBRATE" />
22-->src\main\AndroidManifest.xml:9:5-65
22-->src\main\AndroidManifest.xml:9:22-63
23
24    <queries>
24-->src\main\AndroidManifest.xml:40:5-45:15
25        <intent>
25-->src\main\AndroidManifest.xml:41:9-44:18
26            <action android:name="android.intent.action.PROCESS_TEXT" />
26-->src\main\AndroidManifest.xml:42:13-72
26-->src\main\AndroidManifest.xml:42:21-70
27
28            <data android:mimeType="text/plain" />
28-->src\main\AndroidManifest.xml:43:13-50
28-->src\main\AndroidManifest.xml:43:19-48
29        </intent>
30        <!-- Needs to be explicitly declared on Android R+ -->
31        <package android:name="com.google.android.apps.maps" />
31-->[com.google.android.gms:play-services-maps:18.2.0] AndroidManifest.xml:33:9-64
31-->[com.google.android.gms:play-services-maps:18.2.0] AndroidManifest.xml:33:18-61
32    </queries> <!-- Include required permissions for Google Maps API to run. -->
33    <uses-permission android:name="android.permission.ACCESS_NETWORK_STATE" />
33-->[com.google.android.gms:play-services-maps:18.2.0] AndroidManifest.xml:23:5-79
33-->[com.google.android.gms:play-services-maps:18.2.0] AndroidManifest.xml:23:22-76
34
35    <uses-feature
35-->[com.google.android.gms:play-services-maps:18.2.0] AndroidManifest.xml:26:5-28:35
36        android:glEsVersion="0x00020000"
36-->[com.google.android.gms:play-services-maps:18.2.0] AndroidManifest.xml:27:9-41
37        android:required="true" />
37-->[com.google.android.gms:play-services-maps:18.2.0] AndroidManifest.xml:28:9-32
38
39    <permission
39-->[androidx.core:core:1.13.1] AndroidManifest.xml:22:5-24:47
40        android:name="com.example.hanger_m.DYNAMIC_RECEIVER_NOT_EXPORTED_PERMISSION"
40-->[androidx.core:core:1.13.1] AndroidManifest.xml:23:9-81
41        android:protectionLevel="signature" />
41-->[androidx.core:core:1.13.1] AndroidManifest.xml:24:9-44
42
43    <uses-permission android:name="com.example.hanger_m.DYNAMIC_RECEIVER_NOT_EXPORTED_PERMISSION" />
43-->[androidx.core:core:1.13.1] AndroidManifest.xml:26:5-97
43-->[androidx.core:core:1.13.1] AndroidManifest.xml:26:22-94
44
45    <application
46        android:name="android.app.Application"
47        android:appComponentFactory="androidx.core.app.CoreComponentFactory"
47-->[androidx.core:core:1.13.1] AndroidManifest.xml:28:18-86
48        android:debuggable="true"
49        android:enableOnBackInvokedCallback="true"
50        android:extractNativeLibs="true"
51        android:icon="@mipmap/ic_launcher"
52        android:label="معلاق" > <!-- Enable OnBackInvokedCallback -->
53        <activity
54            android:name="com.example.hanger_m.MainActivity"
55            android:configChanges="orientation|keyboardHidden|keyboard|screenSize|smallestScreenSize|locale|layoutDirection|fontScale|screenLayout|density|uiMode"
56            android:exported="true"
57            android:hardwareAccelerated="true"
58            android:launchMode="singleTop"
59            android:taskAffinity=""
60            android:theme="@style/LaunchTheme"
61            android:windowSoftInputMode="adjustResize" >
62            <meta-data
63                android:name="io.flutter.embedding.android.NormalTheme"
64                android:resource="@style/NormalTheme" />
65
66            <intent-filter>
67                <action android:name="android.intent.action.MAIN" />
68
69                <category android:name="android.intent.category.LAUNCHER" />
70            </intent-filter>
71        </activity>
72
73        <meta-data
74            android:name="flutterEmbedding"
75            android:value="2" />
76        <meta-data
77            android:name="com.google.android.geo.API_KEY"
78            android:value="AIzaSyAF2Uo1kHze6N9E8xAwEcrp5Mqw0ol0ekk" />
79
80        <provider
80-->[:image_picker_android] AndroidManifest.xml:9:9-17:20
81            android:name="io.flutter.plugins.imagepicker.ImagePickerFileProvider"
81-->[:image_picker_android] AndroidManifest.xml:10:13-82
82            android:authorities="com.example.hanger_m.flutter.image_provider"
82-->[:image_picker_android] AndroidManifest.xml:11:13-74
83            android:exported="false"
83-->[:image_picker_android] AndroidManifest.xml:12:13-37
84            android:grantUriPermissions="true" >
84-->[:image_picker_android] AndroidManifest.xml:13:13-47
85            <meta-data
85-->[:image_picker_android] AndroidManifest.xml:14:13-16:75
86                android:name="android.support.FILE_PROVIDER_PATHS"
86-->[:image_picker_android] AndroidManifest.xml:15:17-67
87                android:resource="@xml/flutter_image_picker_file_paths" />
87-->[:image_picker_android] AndroidManifest.xml:16:17-72
88        </provider> <!-- Trigger Google Play services to install the backported photo picker module. -->
89        <service
89-->[:image_picker_android] AndroidManifest.xml:19:9-31:19
90            android:name="com.google.android.gms.metadata.ModuleDependencies"
90-->[:image_picker_android] AndroidManifest.xml:20:13-78
91            android:enabled="false"
91-->[:image_picker_android] AndroidManifest.xml:21:13-36
92            android:exported="false" >
92-->[:image_picker_android] AndroidManifest.xml:22:13-37
93            <intent-filter>
93-->[:image_picker_android] AndroidManifest.xml:24:13-26:29
94                <action android:name="com.google.android.gms.metadata.MODULE_DEPENDENCIES" />
94-->[:image_picker_android] AndroidManifest.xml:25:17-94
94-->[:image_picker_android] AndroidManifest.xml:25:25-91
95            </intent-filter>
96
97            <meta-data
97-->[:image_picker_android] AndroidManifest.xml:28:13-30:36
98                android:name="photopicker_activity:0:required"
98-->[:image_picker_android] AndroidManifest.xml:29:17-63
99                android:value="" />
99-->[:image_picker_android] AndroidManifest.xml:30:17-33
100        </service>
101        <service
101-->[:geolocator_android] AndroidManifest.xml:8:9-12:56
102            android:name="com.baseflow.geolocator.GeolocatorLocationService"
102-->[:geolocator_android] AndroidManifest.xml:9:13-77
103            android:enabled="true"
103-->[:geolocator_android] AndroidManifest.xml:10:13-35
104            android:exported="false"
104-->[:geolocator_android] AndroidManifest.xml:11:13-37
105            android:foregroundServiceType="location" />
105-->[:geolocator_android] AndroidManifest.xml:12:13-53
106        <service
106-->[:location] AndroidManifest.xml:11:9-15:56
107            android:name="com.lyokone.location.FlutterLocationService"
107-->[:location] AndroidManifest.xml:12:13-71
108            android:enabled="true"
108-->[:location] AndroidManifest.xml:13:13-35
109            android:exported="false"
109-->[:location] AndroidManifest.xml:14:13-37
110            android:foregroundServiceType="location" />
110-->[:location] AndroidManifest.xml:15:13-53
111
112        <meta-data
112-->[:pay_android] AndroidManifest.xml:12:9-14:36
113            android:name="com.google.android.gms.wallet.api.enabled"
113-->[:pay_android] AndroidManifest.xml:13:13-69
114            android:value="true" />
114-->[:pay_android] AndroidManifest.xml:14:13-33
115
116        <activity
116-->[:url_launcher_android] AndroidManifest.xml:8:9-11:74
117            android:name="io.flutter.plugins.urllauncher.WebViewActivity"
117-->[:url_launcher_android] AndroidManifest.xml:9:13-74
118            android:exported="false"
118-->[:url_launcher_android] AndroidManifest.xml:10:13-37
119            android:theme="@android:style/Theme.NoTitleBar.Fullscreen" /> <!-- Needs to be explicitly declared on P+ -->
119-->[:url_launcher_android] AndroidManifest.xml:11:13-71
120        <uses-library
120-->[com.google.android.gms:play-services-maps:18.2.0] AndroidManifest.xml:39:9-41:40
121            android:name="org.apache.http.legacy"
121-->[com.google.android.gms:play-services-maps:18.2.0] AndroidManifest.xml:40:13-50
122            android:required="false" />
122-->[com.google.android.gms:play-services-maps:18.2.0] AndroidManifest.xml:41:13-37
123
124        <activity
124-->[com.google.android.gms:play-services-auth:21.2.0] AndroidManifest.xml:23:9-27:75
125            android:name="com.google.android.gms.auth.api.signin.internal.SignInHubActivity"
125-->[com.google.android.gms:play-services-auth:21.2.0] AndroidManifest.xml:24:13-93
126            android:excludeFromRecents="true"
126-->[com.google.android.gms:play-services-auth:21.2.0] AndroidManifest.xml:25:13-46
127            android:exported="false"
127-->[com.google.android.gms:play-services-auth:21.2.0] AndroidManifest.xml:26:13-37
128            android:theme="@android:style/Theme.Translucent.NoTitleBar" />
128-->[com.google.android.gms:play-services-auth:21.2.0] AndroidManifest.xml:27:13-72
129        <!--
130            Service handling Google Sign-In user revocation. For apps that do not integrate with
131            Google Sign-In, this service will never be started.
132        -->
133        <service
133-->[com.google.android.gms:play-services-auth:21.2.0] AndroidManifest.xml:33:9-37:51
134            android:name="com.google.android.gms.auth.api.signin.RevocationBoundService"
134-->[com.google.android.gms:play-services-auth:21.2.0] AndroidManifest.xml:34:13-89
135            android:exported="true"
135-->[com.google.android.gms:play-services-auth:21.2.0] AndroidManifest.xml:35:13-36
136            android:permission="com.google.android.gms.auth.api.signin.permission.REVOCATION_NOTIFICATION"
136-->[com.google.android.gms:play-services-auth:21.2.0] AndroidManifest.xml:36:13-107
137            android:visibleToInstantApps="true" />
137-->[com.google.android.gms:play-services-auth:21.2.0] AndroidManifest.xml:37:13-48
138
139        <activity
139-->[com.google.android.gms:play-services-base:18.3.0] AndroidManifest.xml:20:9-22:45
140            android:name="com.google.android.gms.common.api.GoogleApiActivity"
140-->[com.google.android.gms:play-services-base:18.3.0] AndroidManifest.xml:20:19-85
141            android:exported="false"
141-->[com.google.android.gms:play-services-base:18.3.0] AndroidManifest.xml:22:19-43
142            android:theme="@android:style/Theme.Translucent.NoTitleBar" />
142-->[com.google.android.gms:play-services-base:18.3.0] AndroidManifest.xml:21:19-78
143
144        <meta-data
144-->[com.google.android.gms:play-services-basement:18.3.0] AndroidManifest.xml:21:9-23:69
145            android:name="com.google.android.gms.version"
145-->[com.google.android.gms:play-services-basement:18.3.0] AndroidManifest.xml:22:13-58
146            android:value="@integer/google_play_services_version" />
146-->[com.google.android.gms:play-services-basement:18.3.0] AndroidManifest.xml:23:13-66
147
148        <uses-library
148-->[androidx.window:window:1.2.0] AndroidManifest.xml:23:9-25:40
149            android:name="androidx.window.extensions"
149-->[androidx.window:window:1.2.0] AndroidManifest.xml:24:13-54
150            android:required="false" />
150-->[androidx.window:window:1.2.0] AndroidManifest.xml:25:13-37
151        <uses-library
151-->[androidx.window:window:1.2.0] AndroidManifest.xml:26:9-28:40
152            android:name="androidx.window.sidecar"
152-->[androidx.window:window:1.2.0] AndroidManifest.xml:27:13-51
153            android:required="false" />
153-->[androidx.window:window:1.2.0] AndroidManifest.xml:28:13-37
154
155        <provider
155-->[androidx.lifecycle:lifecycle-process:2.7.0] AndroidManifest.xml:24:9-32:20
156            android:name="androidx.startup.InitializationProvider"
156-->[androidx.lifecycle:lifecycle-process:2.7.0] AndroidManifest.xml:25:13-67
157            android:authorities="com.example.hanger_m.androidx-startup"
157-->[androidx.lifecycle:lifecycle-process:2.7.0] AndroidManifest.xml:26:13-68
158            android:exported="false" >
158-->[androidx.lifecycle:lifecycle-process:2.7.0] AndroidManifest.xml:27:13-37
159            <meta-data
159-->[androidx.lifecycle:lifecycle-process:2.7.0] AndroidManifest.xml:29:13-31:52
160                android:name="androidx.lifecycle.ProcessLifecycleInitializer"
160-->[androidx.lifecycle:lifecycle-process:2.7.0] AndroidManifest.xml:30:17-78
161                android:value="androidx.startup" />
161-->[androidx.lifecycle:lifecycle-process:2.7.0] AndroidManifest.xml:31:17-49
162            <meta-data
162-->[androidx.profileinstaller:profileinstaller:1.3.1] AndroidManifest.xml:29:13-31:52
163                android:name="androidx.profileinstaller.ProfileInstallerInitializer"
163-->[androidx.profileinstaller:profileinstaller:1.3.1] AndroidManifest.xml:30:17-85
164                android:value="androidx.startup" />
164-->[androidx.profileinstaller:profileinstaller:1.3.1] AndroidManifest.xml:31:17-49
165        </provider>
166
167        <receiver
167-->[androidx.profileinstaller:profileinstaller:1.3.1] AndroidManifest.xml:34:9-52:20
168            android:name="androidx.profileinstaller.ProfileInstallReceiver"
168-->[androidx.profileinstaller:profileinstaller:1.3.1] AndroidManifest.xml:35:13-76
169            android:directBootAware="false"
169-->[androidx.profileinstaller:profileinstaller:1.3.1] AndroidManifest.xml:36:13-44
170            android:enabled="true"
170-->[androidx.profileinstaller:profileinstaller:1.3.1] AndroidManifest.xml:37:13-35
171            android:exported="true"
171-->[androidx.profileinstaller:profileinstaller:1.3.1] AndroidManifest.xml:38:13-36
172            android:permission="android.permission.DUMP" >
172-->[androidx.profileinstaller:profileinstaller:1.3.1] AndroidManifest.xml:39:13-57
173            <intent-filter>
173-->[androidx.profileinstaller:profileinstaller:1.3.1] AndroidManifest.xml:40:13-42:29
174                <action android:name="androidx.profileinstaller.action.INSTALL_PROFILE" />
174-->[androidx.profileinstaller:profileinstaller:1.3.1] AndroidManifest.xml:41:17-91
174-->[androidx.profileinstaller:profileinstaller:1.3.1] AndroidManifest.xml:41:25-88
175            </intent-filter>
176            <intent-filter>
176-->[androidx.profileinstaller:profileinstaller:1.3.1] AndroidManifest.xml:43:13-45:29
177                <action android:name="androidx.profileinstaller.action.SKIP_FILE" />
177-->[androidx.profileinstaller:profileinstaller:1.3.1] AndroidManifest.xml:44:17-85
177-->[androidx.profileinstaller:profileinstaller:1.3.1] AndroidManifest.xml:44:25-82
178            </intent-filter>
179            <intent-filter>
179-->[androidx.profileinstaller:profileinstaller:1.3.1] AndroidManifest.xml:46:13-48:29
180                <action android:name="androidx.profileinstaller.action.SAVE_PROFILE" />
180-->[androidx.profileinstaller:profileinstaller:1.3.1] AndroidManifest.xml:47:17-88
180-->[androidx.profileinstaller:profileinstaller:1.3.1] AndroidManifest.xml:47:25-85
181            </intent-filter>
182            <intent-filter>
182-->[androidx.profileinstaller:profileinstaller:1.3.1] AndroidManifest.xml:49:13-51:29
183                <action android:name="androidx.profileinstaller.action.BENCHMARK_OPERATION" />
183-->[androidx.profileinstaller:profileinstaller:1.3.1] AndroidManifest.xml:50:17-95
183-->[androidx.profileinstaller:profileinstaller:1.3.1] AndroidManifest.xml:50:25-92
184            </intent-filter>
185        </receiver>
186    </application>
187
188</manifest>